<?xml version="1.0" encoding="UTF-8"?>
<!-- Generated by org.testng.reporters.JUnitReportReporter -->
<testsuite hostname="DESKTOP-1REI58S" failures="0" tests="1" name="newMavenProject.project.MultipleWindows" time="10.872" errors="0" timestamp="2020-12-16T05:45:36 GMT" skipped="0">
  <testcase classname="newMavenProject.project.MultipleWindows" name="z" time="10.872"/>
  <system-out/>
</testsuite> <!-- newMavenProject.project.MultipleWindows -->
