<?xml version="1.0" encoding="UTF-8"?>
<!-- Generated by org.testng.reporters.JUnitReportReporter -->
<testsuite hostname="DESKTOP-1REI58S" failures="0" tests="1" name="newMavenProject.project.ChallangingDom" time="14.739" errors="0" timestamp="2020-12-15T18:15:27 GMT" skipped="0">
  <testcase classname="newMavenProject.project.ChallangingDom" name="z" time="14.739"/>
  <system-out/>
</testsuite> <!-- newMavenProject.project.ChallangingDom -->
