<?xml version="1.0" encoding="UTF-8"?>
<!-- Generated by org.testng.reporters.JUnitReportReporter -->
<testsuite hostname="DESKTOP-1REI58S" failures="0" tests="1" name="newMavenProject.project.newclass" time="10.950" errors="0" timestamp="2020-12-15T15:39:23 GMT" skipped="0">
  <testcase classname="newMavenProject.project.newclass" name="z" time="10.950"/>
  <system-out/>
</testsuite> <!-- newMavenProject.project.newclass -->
