<?xml version="1.0" encoding="UTF-8"?>
<!-- Generated by org.testng.reporters.JUnitReportReporter -->
<testsuite hostname="DESKTOP-1REI58S" failures="0" tests="1" name="newMavenProject.project.BasicInputs" time="16.324" errors="0" timestamp="2020-12-16T05:45:36 GMT" skipped="0">
  <testcase classname="newMavenProject.project.BasicInputs" name="z" time="16.324"/>
  <system-out/>
</testsuite> <!-- newMavenProject.project.BasicInputs -->
